[2023-01-22 14:56:37,541: INFO/MainProcess] Connected to redis://redis:6379/0
[2023-01-22 14:56:37,567: INFO/MainProcess] mingle: searching for neighbors
[2023-01-22 14:56:38,595: INFO/MainProcess] mingle: all alone
[2023-01-22 14:56:38,613: WARNING/MainProcess] /usr/local/lib/python3.9/site-packages/celery/fixups/django.py:203: UserWarning: Using settings.DEBUG leads to a memory
            leak, never use this setting in production environments!
  warnings.warn('''Using settings.DEBUG leads to a memory

[2023-01-22 14:56:38,614: INFO/MainProcess] celery@6b31b978cd24 ready.
[2023-01-22 15:07:32,513: INFO/MainProcess] Connected to redis://redis:6379/0
[2023-01-22 15:07:32,521: INFO/MainProcess] mingle: searching for neighbors
[2023-01-22 15:07:33,536: INFO/MainProcess] mingle: all alone
[2023-01-22 15:07:33,578: WARNING/MainProcess] /usr/local/lib/python3.9/site-packages/celery/fixups/django.py:203: UserWarning: Using settings.DEBUG leads to a memory
            leak, never use this setting in production environments!
  warnings.warn('''Using settings.DEBUG leads to a memory

[2023-01-22 15:07:33,578: INFO/MainProcess] celery@c37c8760d033 ready.
[2023-01-22 15:11:32,999: INFO/MainProcess] Connected to redis://redis:6379/0
[2023-01-22 15:11:33,020: INFO/MainProcess] mingle: searching for neighbors
[2023-01-22 15:11:34,048: INFO/MainProcess] mingle: all alone
[2023-01-22 15:11:34,070: WARNING/MainProcess] /usr/local/lib/python3.9/site-packages/celery/fixups/django.py:203: UserWarning: Using settings.DEBUG leads to a memory
            leak, never use this setting in production environments!
  warnings.warn('''Using settings.DEBUG leads to a memory

[2023-01-22 15:11:34,071: INFO/MainProcess] celery@945c4228b279 ready.
[2023-01-22 15:11:52,869: INFO/MainProcess] Task celery_app.tasks.create_task[6dc19f89-678e-41a7-9fe8-ddf78aa82cb0] received
[2023-01-22 15:11:56,151: INFO/ForkPoolWorker-1] Task celery_app.tasks.create_task[6dc19f89-678e-41a7-9fe8-ddf78aa82cb0] succeeded in 3.2772463440001047s: True
[2023-01-22 15:11:56,178: INFO/MainProcess] Task celery_app.tasks.create_task[0ea6d027-ab69-4ab7-81fb-010ce9a03c01] received
[2023-01-22 15:11:59,332: INFO/ForkPoolWorker-1] Task celery_app.tasks.create_task[0ea6d027-ab69-4ab7-81fb-010ce9a03c01] succeeded in 3.153297119000399s: True
[2023-01-22 15:11:59,343: INFO/MainProcess] Task celery_app.tasks.create_task[a0c53441-d93e-481b-bd8d-e0e95b83602e] received
[2023-01-22 15:12:02,492: INFO/ForkPoolWorker-1] Task celery_app.tasks.create_task[a0c53441-d93e-481b-bd8d-e0e95b83602e] succeeded in 3.1480153900001824s: True
[2023-01-22 15:12:22,551: INFO/MainProcess] Task celery_app.tasks.create_task[e1dfe525-5de7-4d60-8998-8bf6f9ba1fd1] received
[2023-01-22 15:12:49,030: INFO/ForkPoolWorker-1] Task celery_app.tasks.create_task[e1dfe525-5de7-4d60-8998-8bf6f9ba1fd1] succeeded in 26.477410741999847s: True
[2023-01-22 15:12:49,036: INFO/MainProcess] Task celery_app.tasks.create_task[6feda9ec-4443-4420-81d2-8dd5da29d16b] received
[2023-01-22 15:13:12,298: INFO/ForkPoolWorker-1] Task celery_app.tasks.create_task[6feda9ec-4443-4420-81d2-8dd5da29d16b] succeeded in 23.260834712999895s: True
[2023-01-22 15:13:12,303: INFO/MainProcess] Task celery_app.tasks.create_task[33bc0dec-663e-4b52-9ec8-e8b6911fc63b] received
[2023-01-22 15:13:32,417: INFO/ForkPoolWorker-1] Task celery_app.tasks.create_task[33bc0dec-663e-4b52-9ec8-e8b6911fc63b] succeeded in 20.111750677000146s: True
